PolyDeck/app/build/intermediates/manifest_merge_blame_file/debug/processDebugMainManifest/manifest-merger-blame-debug-report.txt
1<?xml version="1.0" encoding="utf-8"?>
2<manifest xmlns:android="http://schemas.android.com/apk/res/android"
3    package="com.nhom1.polydeck"
4    android:versionCode="1"
5    android:versionName="1.0" >
6
7    <uses-sdk
8        android:minSdkVersion="29"
9        android:targetSdkVersion="36" />
10
11    <uses-permission android:name="android.permission.INTERNET" />
11-->src\main\AndroidManifest.xml:5:5-67
11-->src\main\AndroidManifest.xml:5:22-64
12    <uses-permission android:name="android.permission.ACCESS_NETWORK_STATE" />
12-->src\main\AndroidManifest.xml:6:5-79
12-->src\main\AndroidManifest.xml:6:22-76
13    <uses-permission
13-->src\main\AndroidManifest.xml:7:5-107
14        android:name="android.permission.READ_EXTERNAL_STORAGE"
14-->src\main\AndroidManifest.xml:7:22-77
15        android:maxSdkVersion="32" />
15-->src\main\AndroidManifest.xml:7:78-104
16    <uses-permission android:name="android.permission.READ_MEDIA_IMAGES" />
16-->src\main\AndroidManifest.xml:8:5-76
16-->src\main\AndroidManifest.xml:8:22-73
17
18    <permission
18-->[androidx.core:core:1.13.0] AndroidManifest.xml:22:5-24:47
19        android:name="com.nhom1.polydeck.DYNAMIC_RECEIVER_NOT_EXPORTED_PERMISSION"
19-->[androidx.core:core:1.13.0] AndroidManifest.xml:23:9-81
20        android:protectionLevel="signature" />
20-->[androidx.core:core:1.13.0] AndroidManifest.xml:24:9-44
21
22    <uses-permission android:name="com.nhom1.polydeck.DYNAMIC_RECEIVER_NOT_EXPORTED_PERMISSION" />
22-->[androidx.core:core:1.13.0] AndroidManifest.xml:26:5-97
22-->[androidx.core:core:1.13.0] AndroidManifest.xml:26:22-94
23
24    <application
24-->src\main\AndroidManifest.xml:10:5-66:19
25        android:allowBackup="true"
25-->src\main\AndroidManifest.xml:11:9-35
26        android:appComponentFactory="androidx.core.app.CoreComponentFactory"
26-->[androidx.core:core:1.13.0] AndroidManifest.xml:28:18-86
27        android:dataExtractionRules="@xml/data_extraction_rules"
27-->src\main\AndroidManifest.xml:12:9-65
28        android:debuggable="true"
29        android:extractNativeLibs="false"
30        android:fullBackupContent="@xml/backup_rules"
30-->src\main\AndroidManifest.xml:13:9-54
31        android:icon="@mipmap/ic_launcher"
31-->src\main\AndroidManifest.xml:14:9-43
32        android:label="@string/app_name"
32-->src\main\AndroidManifest.xml:15:9-41
33        android:roundIcon="@mipmap/ic_launcher_round"
33-->src\main\AndroidManifest.xml:16:9-54
34        android:supportsRtl="true"
34-->src\main\AndroidManifest.xml:17:9-35
35        android:testOnly="true"
36        android:theme="@style/Theme.PolyDeck"
36-->src\main\AndroidManifest.xml:18:9-46
37        android:usesCleartextTraffic="true" >
37-->src\main\AndroidManifest.xml:19:9-44
38
39        <!-- Welcome & Auth -->
40        <activity
40-->src\main\AndroidManifest.xml:22:9-29:20
41            android:name="com.nhom1.polydeck.ui.activity.WelcomeActivity"
41-->src\main\AndroidManifest.xml:23:13-56
42            android:exported="true" >
42-->src\main\AndroidManifest.xml:24:13-36
43            <intent-filter>
43-->src\main\AndroidManifest.xml:25:13-28:29
44                <action android:name="android.intent.action.MAIN" />
44-->src\main\AndroidManifest.xml:26:17-69
44-->src\main\AndroidManifest.xml:26:25-66
45
46                <category android:name="android.intent.category.LAUNCHER" />
46-->src\main\AndroidManifest.xml:27:17-77
46-->src\main\AndroidManifest.xml:27:27-74
47            </intent-filter>
48        </activity>
49        <activity
49-->src\main\AndroidManifest.xml:30:9-88
50            android:name="com.nhom1.polydeck.ui.activity.LoginActivity"
50-->src\main\AndroidManifest.xml:30:19-60
51            android:exported="false" />
51-->src\main\AndroidManifest.xml:30:61-85
52        <activity
52-->src\main\AndroidManifest.xml:31:9-91
53            android:name="com.nhom1.polydeck.ui.activity.RegisterActivity"
53-->src\main\AndroidManifest.xml:31:19-63
54            android:exported="false" />
54-->src\main\AndroidManifest.xml:31:64-88
55        <activity
55-->src\main\AndroidManifest.xml:32:9-97
56            android:name="com.nhom1.polydeck.ui.activity.ForgotPasswordActivity"
56-->src\main\AndroidManifest.xml:32:19-69
57            android:exported="false" />
57-->src\main\AndroidManifest.xml:32:70-94
58        <activity
58-->src\main\AndroidManifest.xml:33:9-96
59            android:name="com.nhom1.polydeck.ui.activity.ResetPasswordActivity"
59-->src\main\AndroidManifest.xml:33:19-68
60            android:exported="false" />
60-->src\main\AndroidManifest.xml:33:69-93
61
62        <!-- Main App & User Profile Activities -->
63        <activity
63-->src\main\AndroidManifest.xml:36:9-87
64            android:name="com.nhom1.polydeck.ui.activity.MainActivity"
64-->src\main\AndroidManifest.xml:36:19-59
65            android:exported="false" />
65-->src\main\AndroidManifest.xml:36:60-84
66        <activity
66-->src\main\AndroidManifest.xml:37:9-94
67            android:name="com.nhom1.polydeck.ui.activity.EditProfileActivity"
67-->src\main\AndroidManifest.xml:37:19-66
68            android:exported="false" />
68-->src\main\AndroidManifest.xml:37:67-91
69        <activity
69-->src\main\AndroidManifest.xml:38:9-91
70            android:name="com.nhom1.polydeck.ui.activity.SettingsActivity"
70-->src\main\AndroidManifest.xml:38:19-63
71            android:exported="false" />
71-->src\main\AndroidManifest.xml:38:64-88
72        <activity
72-->src\main\AndroidManifest.xml:39:9-97
73            android:name="com.nhom1.polydeck.ui.activity.ChangePasswordActivity"
73-->src\main\AndroidManifest.xml:39:19-69
74            android:exported="false" />
74-->src\main\AndroidManifest.xml:39:70-94
75        <activity
75-->src\main\AndroidManifest.xml:40:9-92
76            android:name="com.nhom1.polydeck.ui.activity.FavoritesActivity"
76-->src\main\AndroidManifest.xml:40:19-64
77            android:exported="false" />
77-->src\main\AndroidManifest.xml:40:65-89
78        <activity
78-->src\main\AndroidManifest.xml:41:9-94
79            android:name="com.nhom1.polydeck.ui.activity.LeaderboardActivity"
79-->src\main\AndroidManifest.xml:41:19-66
80            android:exported="false" />
80-->src\main\AndroidManifest.xml:41:67-91
81        <activity
81-->src\main\AndroidManifest.xml:42:9-90
82            android:name="com.nhom1.polydeck.ui.activity.SupportActivity"
82-->src\main\AndroidManifest.xml:42:19-62
83            android:exported="false" />
83-->src\main\AndroidManifest.xml:42:63-87
84        <activity
84-->src\main\AndroidManifest.xml:43:9-95
85            android:name="com.nhom1.polydeck.ui.activity.NotificationsActivity"
85-->src\main\AndroidManifest.xml:43:19-68
86            android:exported="false" />
86-->src\main\AndroidManifest.xml:43:69-93
87
88        <!-- Admin Activities -->
89        <activity
89-->src\main\AndroidManifest.xml:46:9-97
90            android:name="com.nhom1.polydeck.ui.activity.AdminDashboardActivity"
90-->src\main\AndroidManifest.xml:46:19-69
91            android:exported="false" />
91-->src\main\AndroidManifest.xml:46:70-94
92        <activity
92-->src\main\AndroidManifest.xml:47:9-93
93            android:name="com.nhom1.polydeck.ui.activity.AdminPanelActivity"
93-->src\main\AndroidManifest.xml:47:19-65
94            android:exported="false" />
94-->src\main\AndroidManifest.xml:47:66-90
95        <activity
95-->src\main\AndroidManifest.xml:48:9-96
96            android:name="com.nhom1.polydeck.ui.activity.UserManagementActivity"
96-->src\main\AndroidManifest.xml:48:19-69
97            android:exported="false" />
97-->src\main\AndroidManifest.xml:48:70-94
98        <activity
98-->src\main\AndroidManifest.xml:49:9-92
99            android:name="com.nhom1.polydeck.ui.activity.UserDetailActivity"
99-->src\main\AndroidManifest.xml:49:19-65
100            android:exported="false" />
100-->src\main\AndroidManifest.xml:49:66-90
101        <activity
101-->src\main\AndroidManifest.xml:50:9-96
102            android:name="com.nhom1.polydeck.ui.activity.DeckManagementActivity"
102-->src\main\AndroidManifest.xml:50:19-69
103            android:exported="false" />
103-->src\main\AndroidManifest.xml:50:70-94
104        <activity
104-->src\main\AndroidManifest.xml:51:9-89
105            android:name="com.nhom1.polydeck.ui.activity.AddDeckActivity"
105-->src\main\AndroidManifest.xml:51:19-62
106            android:exported="false" />
106-->src\main\AndroidManifest.xml:51:63-87
107        <activity
107-->src\main\AndroidManifest.xml:52:9-90
108            android:name="com.nhom1.polydeck.ui.activity.EditDeckActivity"
108-->src\main\AndroidManifest.xml:52:19-63
109            android:exported="false" />
109-->src\main\AndroidManifest.xml:52:64-88
110        <activity
110-->src\main\AndroidManifest.xml:53:9-95
111            android:name="com.nhom1.polydeck.ui.activity.AddVocabularyActivity"
111-->src\main\AndroidManifest.xml:53:19-68
112            android:exported="false" />
112-->src\main\AndroidManifest.xml:53:69-93
113        <activity
113-->src\main\AndroidManifest.xml:54:9-92
114            android:name="com.nhom1.polydeck.ui.activity.CreateQuizActivity"
114-->src\main\AndroidManifest.xml:54:19-65
115            android:exported="false" />
115-->src\main\AndroidManifest.xml:54:66-90
116        <activity
116-->src\main\AndroidManifest.xml:55:9-98
117            android:name="com.nhom1.polydeck.ui.activity.SendNotificationActivity"
117-->src\main\AndroidManifest.xml:55:19-71
118            android:exported="false" />
118-->src\main\AndroidManifest.xml:55:72-96
119        <activity
119-->src\main\AndroidManifest.xml:56:9-90
120            android:name="com.nhom1.polydeck.ui.activity.QuizListActivity"
120-->src\main\AndroidManifest.xml:56:19-63
121            android:exported="false" />
121-->src\main\AndroidManifest.xml:56:64-88
122
123        <!-- Content Activities -->
124        <activity
124-->src\main\AndroidManifest.xml:59:9-96
125            android:name="com.nhom1.polydeck.ui.activity.VocabularyListActivity"
125-->src\main\AndroidManifest.xml:59:19-69
126            android:exported="false" />
126-->src\main\AndroidManifest.xml:59:70-94
127        <activity
127-->src\main\AndroidManifest.xml:60:9-93
128            android:name="com.nhom1.polydeck.ui.activity.TopicDetailActivity"
128-->src\main\AndroidManifest.xml:60:19-66
129            android:exported="false" />
129-->src\main\AndroidManifest.xml:60:67-91
130        <activity
130-->src\main\AndroidManifest.xml:61:9-86
131            android:name="com.nhom1.polydeck.ui.activity.QuizActivity"
131-->src\main\AndroidManifest.xml:61:19-59
132            android:exported="false" />
132-->src\main\AndroidManifest.xml:61:60-84
133        <activity
133-->src\main\AndroidManifest.xml:62:9-92
134            android:name="com.nhom1.polydeck.ui.activity.QuizResultActivity"
134-->src\main\AndroidManifest.xml:62:19-65
135            android:exported="false" />
135-->src\main\AndroidManifest.xml:62:66-90
136        <activity
136-->src\main\AndroidManifest.xml:63:9-91
137            android:name="com.nhom1.polydeck.ui.activity.FlashcardActivity"
137-->src\main\AndroidManifest.xml:63:19-64
138            android:exported="false" />
138-->src\main\AndroidManifest.xml:63:65-89
139        <activity
139-->src\main\AndroidManifest.xml:64:9-95
140            android:name="com.nhom1.polydeck.ui.activity.FlashcardDoneActivity"
140-->src\main\AndroidManifest.xml:64:19-68
141            android:exported="false" />
141-->src\main\AndroidManifest.xml:64:69-93
142        <activity
142-->[com.google.android.gms:play-services-auth:20.7.0] AndroidManifest.xml:23:9-27:75
143            android:name="com.google.android.gms.auth.api.signin.internal.SignInHubActivity"
143-->[com.google.android.gms:play-services-auth:20.7.0] AndroidManifest.xml:24:13-93
144            android:excludeFromRecents="true"
144-->[com.google.android.gms:play-services-auth:20.7.0] AndroidManifest.xml:25:13-46
145            android:exported="false"
145-->[com.google.android.gms:play-services-auth:20.7.0] AndroidManifest.xml:26:13-37
146            android:theme="@android:style/Theme.Translucent.NoTitleBar" />
146-->[com.google.android.gms:play-services-auth:20.7.0] AndroidManifest.xml:27:13-72
147        <!--
148            Service handling Google Sign-In user revocation. For apps that do not integrate with
149            Google Sign-In, this service will never be started.
150        -->
151        <service
151-->[com.google.android.gms:play-services-auth:20.7.0] AndroidManifest.xml:33:9-37:51
152            android:name="com.google.android.gms.auth.api.signin.RevocationBoundService"
152-->[com.google.android.gms:play-services-auth:20.7.0] AndroidManifest.xml:34:13-89
153            android:exported="true"
153-->[com.google.android.gms:play-services-auth:20.7.0] AndroidManifest.xml:35:13-36
154            android:permission="com.google.android.gms.auth.api.signin.permission.REVOCATION_NOTIFICATION"
154-->[com.google.android.gms:play-services-auth:20.7.0] AndroidManifest.xml:36:13-107
155            android:visibleToInstantApps="true" />
155-->[com.google.android.gms:play-services-auth:20.7.0] AndroidManifest.xml:37:13-48
156
157        <activity
157-->[com.google.android.gms:play-services-base:18.0.1] AndroidManifest.xml:20:9-22:45
158            android:name="com.google.android.gms.common.api.GoogleApiActivity"
158-->[com.google.android.gms:play-services-base:18.0.1] AndroidManifest.xml:20:19-85
159            android:exported="false"
159-->[com.google.android.gms:play-services-base:18.0.1] AndroidManifest.xml:22:19-43
160            android:theme="@android:style/Theme.Translucent.NoTitleBar" />
160-->[com.google.android.gms:play-services-base:18.0.1] AndroidManifest.xml:21:19-78
161
162        <meta-data
162-->[com.google.android.gms:play-services-basement:18.2.0] AndroidManifest.xml:21:9-23:69
163            android:name="com.google.android.gms.version"
163-->[com.google.android.gms:play-services-basement:18.2.0] AndroidManifest.xml:22:13-58
164            android:value="@integer/google_play_services_version" />
164-->[com.google.android.gms:play-services-basement:18.2.0] AndroidManifest.xml:23:13-66
165
166        <provider
166-->[androidx.emoji2:emoji2:1.3.0] AndroidManifest.xml:24:9-32:20
167            android:name="androidx.startup.InitializationProvider"
167-->[androidx.emoji2:emoji2:1.3.0] AndroidManifest.xml:25:13-67
168            android:authorities="com.nhom1.polydeck.androidx-startup"
168-->[androidx.emoji2:emoji2:1.3.0] AndroidManifest.xml:26:13-68
169            android:exported="false" >
169-->[androidx.emoji2:emoji2:1.3.0] AndroidManifest.xml:27:13-37
170            <meta-data
170-->[androidx.emoji2:emoji2:1.3.0] AndroidManifest.xml:29:13-31:52
171                android:name="androidx.emoji2.text.EmojiCompatInitializer"
171-->[androidx.emoji2:emoji2:1.3.0] AndroidManifest.xml:30:17-75
172                android:value="androidx.startup" />
172-->[androidx.emoji2:emoji2:1.3.0] AndroidManifest.xml:31:17-49
173            <meta-data
173-->[androidx.lifecycle:lifecycle-process:2.6.2] AndroidManifest.xml:29:13-31:52
174                android:name="androidx.lifecycle.ProcessLifecycleInitializer"
174-->[androidx.lifecycle:lifecycle-process:2.6.2] AndroidManifest.xml:30:17-78
175                android:value="androidx.startup" />
175-->[androidx.lifecycle:lifecycle-process:2.6.2] AndroidManifest.xml:31:17-49
176            <meta-data
176-->[androidx.profileinstaller:profileinstaller:1.4.0] AndroidManifest.xml:29:13-31:52
177                android:name="androidx.profileinstaller.ProfileInstallerInitializer"
177-->[androidx.profileinstaller:profileinstaller:1.4.0] AndroidManifest.xml:30:17-85
178                android:value="androidx.startup" />
178-->[androidx.profileinstaller:profileinstaller:1.4.0] AndroidManifest.xml:31:17-49
179        </provider>
180
181        <receiver
181-->[androidx.profileinstaller:profileinstaller:1.4.0] AndroidManifest.xml:34:9-52:20
182            android:name="androidx.profileinstaller.ProfileInstallReceiver"
182-->[androidx.profileinstaller:profileinstaller:1.4.0] AndroidManifest.xml:35:13-76
183            android:directBootAware="false"
183-->[androidx.profileinstaller:profileinstaller:1.4.0] AndroidManifest.xml:36:13-44
184            android:enabled="true"
184-->[androidx.profileinstaller:profileinstaller:1.4.0] AndroidManifest.xml:37:13-35
185            android:exported="true"
185-->[androidx.profileinstaller:profileinstaller:1.4.0] AndroidManifest.xml:38:13-36
186            android:permission="android.permission.DUMP" >
186-->[androidx.profileinstaller:profileinstaller:1.4.0] AndroidManifest.xml:39:13-57
187            <intent-filter>
187-->[androidx.profileinstaller:profileinstaller:1.4.0] AndroidManifest.xml:40:13-42:29
188                <action android:name="androidx.profileinstaller.action.INSTALL_PROFILE" />
188-->[androidx.profileinstaller:profileinstaller:1.4.0] AndroidManifest.xml:41:17-91
188-->[androidx.profileinstaller:profileinstaller:1.4.0] AndroidManifest.xml:41:25-88
189            </intent-filter>
190            <intent-filter>
190-->[androidx.profileinstaller:profileinstaller:1.4.0] AndroidManifest.xml:43:13-45:29
191                <action android:name="androidx.profileinstaller.action.SKIP_FILE" />
191-->[androidx.profileinstaller:profileinstaller:1.4.0] AndroidManifest.xml:44:17-85
191-->[androidx.profileinstaller:profileinstaller:1.4.0] AndroidManifest.xml:44:25-82
192            </intent-filter>
193            <intent-filter>
193-->[androidx.profileinstaller:profileinstaller:1.4.0] AndroidManifest.xml:46:13-48:29
194                <action android:name="androidx.profileinstaller.action.SAVE_PROFILE" />
194-->[androidx.profileinstaller:profileinstaller:1.4.0] AndroidManifest.xml:47:17-88
194-->[androidx.profileinstaller:profileinstaller:1.4.0] AndroidManifest.xml:47:25-85
195            </intent-filter>
196            <intent-filter>
196-->[androidx.profileinstaller:profileinstaller:1.4.0] AndroidManifest.xml:49:13-51:29
197                <action android:name="androidx.profileinstaller.action.BENCHMARK_OPERATION" />
197-->[androidx.profileinstaller:profileinstaller:1.4.0] AndroidManifest.xml:50:17-95
197-->[androidx.profileinstaller:profileinstaller:1.4.0] AndroidManifest.xml:50:25-92
198            </intent-filter>
199        </receiver>
200    </application>
201
202</manifest>